[2019-01-10 08:53:32] name.ERROR: Ошибка [] []
[2019-01-10 08:54:46] name.ERROR: Ошибка [] []
[2019-01-10 08:55:28] name.ERROR: Ошибка [] []
[2019-01-10 08:56:39] name.INFO: Все работает :) [] []
[2019-01-10 09:31:08] .INFO: Все работает :) [] []
[2019-01-10 13:34:03] .INFO: Все работает :) [] []
[2019-01-10 13:34:11] .INFO: Все работает :) [] []
[2019-01-11 10:57:46] .INFO: Все работает :) [] []
[2019-01-11 10:57:57] .INFO: Все работает :) [] []
[2019-01-11 11:22:28] .INFO: Все работает :) [] []
[2019-01-11 11:29:57] .INFO: Все работает :) [] []
[2019-01-11 11:30:01] .INFO: Все работает :) [] []
[2019-01-11 11:30:13] .INFO: Все работает :) [] []
[2019-01-11 11:30:17] .INFO: Все работает :) [] []
[2019-01-11 11:30:21] .INFO: Все работает :) [] []
[2019-01-11 11:53:48] .INFO: Все работает :) [] []
[2019-01-11 11:53:52] .INFO: Все работает :) [] []
[2019-01-11 11:55:19] .INFO: Все работает :) [] []
[2019-01-11 11:55:23] .INFO: Все работает :) [] []
[2019-01-11 13:57:43] .INFO: Все работает :) [] []
[2019-01-11 13:57:49] .INFO: Все работает :) [] []
[2019-01-11 13:57:53] .INFO: Все работает :) [] []
[2019-01-11 15:14:01] .INFO: Все работает :) [] []
[2019-01-11 15:14:04] .INFO: Все работает :) [] []
[2019-01-11 15:20:03] .INFO: Все работает :) [] []
[2019-01-11 15:20:07] .INFO: Все работает :) [] []
[2019-01-11 15:20:43] .INFO: Все работает :) [] []
[2019-01-11 15:20:47] .INFO: Все работает :) [] []
[2019-01-11 15:22:15] .INFO: Все работает :) [] []
[2019-01-11 15:22:58] .INFO: Все работает :) [] []
[2019-01-11 15:24:49] .INFO: Все работает :) [] []
[2019-01-11 15:24:54] .INFO: Все работает :) [] []
[2019-01-11 15:25:19] .INFO: Все работает :) [] []
[2019-01-11 15:25:53] .INFO: Все работает :) [] []
[2019-01-11 15:26:34] .INFO: Все работает :) [] []
[2019-01-11 15:31:34] .INFO: Все работает :) [] []
[2019-01-11 15:31:37] .INFO: Все работает :) [] []
[2019-01-14 09:24:39] .INFO: Все работает :) [] []
[2019-01-14 09:25:24] .INFO: Все работает :) [] []
[2019-01-14 09:43:47] .INFO: Все работает :) [] []
[2019-01-14 09:43:51] .INFO: Все работает :) [] []
[2019-01-14 09:43:56] .INFO: Все работает :) [] []
[2019-01-14 10:02:52] .INFO: Все работает :) [] []
[2019-01-14 10:02:57] .INFO: Все работает :) [] []
[2019-01-14 10:08:52] .INFO: Все работает :) [] []
[2019-01-14 10:08:59] .INFO: Все работает :) [] []
[2019-01-14 10:09:02] .INFO: Все работает :) [] []
[2019-01-14 10:32:09] .INFO: Все работает :) [] []
[2019-01-14 10:32:12] .INFO: Все работает :) [] []
[2019-01-14 10:32:15] .INFO: Все работает :) [] []
[2019-01-14 10:43:11] .INFO: Все работает :) [] []
[2019-01-14 10:43:15] .INFO: Все работает :) [] []
[2019-01-14 10:43:18] .INFO: Все работает :) [] []
[2019-01-15 07:56:45] .INFO: Все работает :) [] []
[2019-01-15 07:56:51] .INFO: Все работает :) [] []
[2019-01-15 07:56:54] .INFO: Все работает :) [] []
[2019-01-15 10:06:52] .INFO: Все работает :) [] []
[2019-01-15 10:07:30] .INFO: Все работает :) [] []
[2019-01-15 14:44:28] .INFO: Все работает :) [] []
[2019-01-15 14:44:32] .INFO: Все работает :) [] []
[2019-01-15 14:44:38] .INFO: Все работает :) [] []
[2019-01-15 14:44:42] .INFO: Все работает :) [] []
[2019-01-15 14:44:46] .INFO: Все работает :) [] []
[2019-01-15 15:03:09] .INFO: Все работает :) [] []
[2019-01-15 15:03:27] .INFO: Все работает :) [] []
[2019-01-15 15:55:44] .INFO: Все работает :) [] []
[2019-01-15 15:55:56] .INFO: Все работает :) [] []
[2019-01-15 15:55:59] .INFO: Все работает :) [] []
[2019-01-16 07:19:31] .INFO: Все работает :) [] []
[2019-01-16 07:19:37] .INFO: Все работает :) [] []
[2019-01-16 07:19:40] .INFO: Все работает :) [] []
[2019-01-16 07:19:44] .INFO: Все работает :) [] []
[2019-01-16 07:19:48] .INFO: Все работает :) [] []
[2019-01-16 08:41:24] .INFO: Все работает :) [] []
[2019-01-16 08:41:27] .INFO: Все работает :) [] []
[2019-01-16 10:42:08] .INFO: Все работает :) [] []
[2019-01-16 10:42:11] .INFO: Все работает :) [] []
[2019-01-16 10:42:11] .INFO: Все работает :) [] []
[2019-01-16 10:42:14] .INFO: Все работает :) [] []
[2019-01-16 11:07:28] .INFO: ПродуктПицца c креветками и семгойобновлен [] []
[2019-01-16 11:12:54] .INFO: Продукт Пицца c креветками и семгой обновлен [] []
[2019-01-16 11:40:00] .INFO:  Продукт  обновлен  [] []
[2019-01-16 11:40:23] .INFO:  Продукт  обновлен  [] []
[2019-01-16 11:40:29] .INFO:  Продукт  обновлен  [] []
[2019-01-16 11:40:41] .INFO:  Продукт  обновлен  [] []
[2019-01-16 12:06:14] .INFO:  Продукт  обновлен  [] []
[2019-01-16 12:52:09] .INFO:  Продукт  обновлен  [] []
[2019-01-17 09:14:27] .INFO:  Продукт  обновлен  [] []
[2019-01-17 09:14:56] .INFO:  Продукт  обновлен  [] []
[2019-01-17 09:15:09] .INFO:  Продукт  обновлен  [] []
[2019-01-17 09:15:29] .INFO:  Продукт  обновлен  [] []
[2019-01-17 09:15:44] .INFO:  Продукт  обновлен  [] []
[2019-01-17 09:15:48] .INFO:  Продукт  обновлен  [] []
[2019-01-17 09:16:04] .INFO:  Продукт  обновлен  [] []
[2019-01-17 09:16:12] .INFO:  Продукт  обновлен  [] []
[2019-01-17 09:16:34] .INFO:  Продукт  обновлен  [] []
[2019-01-17 09:17:02] .INFO:  Продукт  обновлен  [] []
[2019-01-17 09:17:18] .INFO:  Продукт  обновлен  [] []
[2019-01-17 09:17:32] .INFO:  Продукт  обновлен  [] []
[2019-01-17 09:17:48] .INFO:  Продукт  обновлен  [] []
[2019-01-17 09:18:07] .INFO:  Продукт  обновлен  [] []
[2019-01-17 09:18:23] .INFO:  Продукт  обновлен  [] []
[2019-01-17 09:18:43] .INFO:  Продукт  обновлен  [] []
[2019-01-17 09:18:56] .INFO:  Продукт  обновлен  [] []
[2019-01-17 09:20:46] .INFO:  Продукт  обновлен  [] []
[2019-01-17 09:21:30] .INFO:  Продукт  обновлен  [] []
[2019-01-17 09:25:32] .INFO:  Продукт  обновлен  [] []
[2019-01-17 09:26:51] .INFO:  Продукт  обновлен  [] []
[2019-01-17 09:27:39] .INFO:  Продукт  обновлен  [] []
[2019-01-18 15:30:40] .INFO:  Продукт Наршараб создан  [] []
[2019-03-25 15:37:28] .INFO:  Продукт  обновлен  [] []
